The system is: Darwin - 19.6.0 - x86_64
Compiling the C compiler identification source file "CMakeCCompilerId.c" succeeded.
Compiler: /Applications/Xcode.app/Contents/Developer/Toolchains/XcodeDefault.xctoolchain/usr/bin/cc 
Build flags: 
Id flags:  

The output was:
0


Compilation of the C compiler identification source "CMakeCCompilerId.c" produced "a.out"

The C compiler identification is AppleClang, found in "/Applications/fission_v2.0.5/build/CMakeFiles/3.21.1/CompilerIdC/a.out"

Compiling the CXX compiler identification source file "CMakeCXXCompilerId.cpp" succeeded.
Compiler: /Applications/Xcode.app/Contents/Developer/Toolchains/XcodeDefault.xctoolchain/usr/bin/c++ 
Build flags: 
Id flags:  

The output was:
0


Compilation of the CXX compiler identification source "CMakeCXXCompilerId.cpp" produced "a.out"

The CXX compiler identification is AppleClang, found in "/Applications/fission_v2.0.5/build/CMakeFiles/3.21.1/CompilerIdCXX/a.out"

Compiling the Fortran compiler identification source file "CMakeFortranCompilerId.F" succeeded.
Compiler: /usr/local/bin/gfortran 
Build flags: 
Id flags: -v 

The output was:
0
Driving: /usr/local/bin/gfortran -v CMakeFortranCompilerId.F -mmacosx-version-min=10.15.0 -asm_macosx_version_min=10.15 -l gfortran -shared-libgcc
Using built-in specs.
COLLECT_GCC=/usr/local/bin/gfortran
COLLECT_LTO_WRAPPER=/usr/local/Cellar/gcc/11.2.0_2/libexec/gcc/x86_64-apple-darwin19/11/lto-wrapper
Target: x86_64-apple-darwin19
Configured with: ../configure --prefix=/usr/local/Cellar/gcc/11.2.0_2 --libdir=/usr/local/Cellar/gcc/11.2.0_2/lib/gcc/11 --disable-nls --enable-checking=release --with-gcc-major-version-only --enable-languages=c,c++,objc,obj-c++,fortran,d --program-suffix=-11 --with-gmp=/usr/local/opt/gmp --with-mpfr=/usr/local/opt/mpfr --with-mpc=/usr/local/opt/libmpc --with-isl=/usr/local/opt/isl --with-zstd=/usr/local/opt/zstd --with-pkgversion='Homebrew GCC 11.2.0_2' --with-bugurl=https://github.com/Homebrew/homebrew-core/issues --enable-libphobos --build=x86_64-apple-darwin19 --with-system-zlib --disable-multilib --with-native-system-header-dir=/usr/include --with-sysroot=/Library/Developer/CommandLineTools/SDKs/MacOSX10.15.sdk
Thread model: posix
Supported LTO compression algorithms: zlib zstd
gcc version 11.2.0 (Homebrew GCC 11.2.0_2) 
COLLECT_GCC_OPTIONS='-v' '-mmacosx-version-min=10.15.0' '-asm_macosx_version_min=10.15' '-shared-libgcc' '-mtune=core2' '-dumpdir' 'a-'
 /usr/local/Cellar/gcc/11.2.0_2/libexec/gcc/x86_64-apple-darwin19/11/f951 CMakeFortranCompilerId.F -ffixed-form -cpp=/var/folders/r0/1zwhjtl13235q5r2x7y9s1n80000gn/T//ccMR56wR.f90 -quiet -v -D__DYNAMIC__ CMakeFortranCompilerId.F -fPIC -quiet -dumpdir a- -dumpbase CMakeFortranCompilerId.F -dumpbase-ext .F -mmacosx-version-min=10.15.0 -mtune=core2 -version -fintrinsic-modules-path /usr/local/Cellar/gcc/11.2.0_2/lib/gcc/11/gcc/x86_64-apple-darwin19/11/finclude -o /var/folders/r0/1zwhjtl13235q5r2x7y9s1n80000gn/T//cc1YDuSe.s
GNU Fortran (Homebrew GCC 11.2.0_2) version 11.2.0 (x86_64-apple-darwin19)
	compiled by GNU C version 11.2.0, GMP version 6.2.1, MPFR version 4.1.0, MPC version 1.2.1, isl version isl-0.24-GMP

GGC heuristics: --param ggc-min-expand=100 --param ggc-min-heapsize=131072
ignoring nonexistent directory "/Library/Developer/CommandLineTools/SDKs/MacOSX10.15.sdk/usr/local/include"
ignoring nonexistent directory "/usr/local/Cellar/gcc/11.2.0_2/lib/gcc/11/gcc/x86_64-apple-darwin19/11/../../../../../../x86_64-apple-darwin19/include"
#include "..." search starts here:
#include <...> search starts here:
 /usr/local/Cellar/gcc/11.2.0_2/lib/gcc/11/gcc/x86_64-apple-darwin19/11/finclude
 /usr/local/Cellar/gcc/11.2.0_2/lib/gcc/11/gcc/x86_64-apple-darwin19/11/include
 /usr/local/Cellar/gcc/11.2.0_2/lib/gcc/11/gcc/x86_64-apple-darwin19/11/include-fixed
 /Library/Developer/CommandLineTools/SDKs/MacOSX10.15.sdk/usr/include
End of search list.
GNU Fortran2008 (Homebrew GCC 11.2.0_2) version 11.2.0 (x86_64-apple-darwin19)
	compiled by GNU C version 11.2.0, GMP version 6.2.1, MPFR version 4.1.0, MPC version 1.2.1, isl version isl-0.24-GMP

GGC heuristics: --param ggc-min-expand=100 --param ggc-min-heapsize=131072
COLLECT_GCC_OPTIONS='-v' '-mmacosx-version-min=10.15.0'  '-shared-libgcc' '-mtune=core2' '-dumpdir' 'a-'
 as -arch x86_64 -v -force_cpusubtype_ALL -mmacosx-version-min=10.15 -o /var/folders/r0/1zwhjtl13235q5r2x7y9s1n80000gn/T//ccx5rphQ.o /var/folders/r0/1zwhjtl13235q5r2x7y9s1n80000gn/T//cc1YDuSe.s
Apple clang version 12.0.0 (clang-1200.0.32.29)
Target: x86_64-apple-darwin19.6.0
Thread model: posix
InstalledDir: /Applications/Xcode.app/Contents/Developer/Toolchains/XcodeDefault.xctoolchain/usr/bin
 "/Applications/Xcode.app/Contents/Developer/Toolchains/XcodeDefault.xctoolchain/usr/bin/clang" -cc1as -triple x86_64-apple-macosx10.15.0 -filetype obj -main-file-name cc1YDuSe.s -target-cpu penryn -fdebug-compilation-dir /Applications/fission_v2.0.5/build/CMakeFiles/3.21.1/CompilerIdFortran -dwarf-debug-producer "Apple clang version 12.0.0 (clang-1200.0.32.29)" -dwarf-version=4 -mrelocation-model pic -o /var/folders/r0/1zwhjtl13235q5r2x7y9s1n80000gn/T//ccx5rphQ.o /var/folders/r0/1zwhjtl13235q5r2x7y9s1n80000gn/T//cc1YDuSe.s
Reading specs from /usr/local/Cellar/gcc/11.2.0_2/lib/gcc/11/gcc/x86_64-apple-darwin19/11/../../../libgfortran.spec
rename spec lib to liborig
COLLECT_GCC_OPTIONS='-v' '-mmacosx-version-min=10.15.0'  '-shared-libgcc' '-mtune=core2' '-dumpdir' 'a-'
COMPILER_PATH=/usr/local/Cellar/gcc/11.2.0_2/libexec/gcc/x86_64-apple-darwin19/11/:/usr/local/Cellar/gcc/11.2.0_2/libexec/gcc/x86_64-apple-darwin19/11/:/usr/local/Cellar/gcc/11.2.0_2/libexec/gcc/x86_64-apple-darwin19/:/usr/local/Cellar/gcc/11.2.0_2/lib/gcc/11/gcc/x86_64-apple-darwin19/11/:/usr/local/Cellar/gcc/11.2.0_2/lib/gcc/11/gcc/x86_64-apple-darwin19/
LIBRARY_PATH=/usr/local/Cellar/gcc/11.2.0_2/lib/gcc/11/gcc/x86_64-apple-darwin19/11/:/usr/local/Cellar/gcc/11.2.0_2/lib/gcc/11/gcc/x86_64-apple-darwin19/11/../../../
COLLECT_GCC_OPTIONS='-v' '-mmacosx-version-min=10.15.0'  '-shared-libgcc' '-mtune=core2' '-dumpdir' 'a.'
 /usr/local/Cellar/gcc/11.2.0_2/libexec/gcc/x86_64-apple-darwin19/11/collect2 -syslibroot /Library/Developer/CommandLineTools/SDKs/MacOSX10.15.sdk/ -dynamic -arch x86_64 -macosx_version_min 10.15.0 -weak_reference_mismatches non-weak -o a.out -L/usr/local/Cellar/gcc/11.2.0_2/lib/gcc/11/gcc/x86_64-apple-darwin19/11 -L/usr/local/Cellar/gcc/11.2.0_2/lib/gcc/11/gcc/x86_64-apple-darwin19/11/../../.. /var/folders/r0/1zwhjtl13235q5r2x7y9s1n80000gn/T//ccx5rphQ.o -lgfortran -lSystem -lgcc_ext.10.5 -lgcc -lquadmath -lm -lgcc_ext.10.5 -lgcc -lSystem -no_compact_unwind -v
collect2 version 11.2.0
/usr/bin/ld -syslibroot /Library/Developer/CommandLineTools/SDKs/MacOSX10.15.sdk/ -dynamic -arch x86_64 -macosx_version_min 10.15.0 -weak_reference_mismatches non-weak -o a.out -L/usr/local/Cellar/gcc/11.2.0_2/lib/gcc/11/gcc/x86_64-apple-darwin19/11 -L/usr/local/Cellar/gcc/11.2.0_2/lib/gcc/11/gcc/x86_64-apple-darwin19/11/../../.. /var/folders/r0/1zwhjtl13235q5r2x7y9s1n80000gn/T//ccx5rphQ.o -lgfortran -lSystem -lgcc_ext.10.5 -lgcc -lquadmath -lm -lgcc_ext.10.5 -lgcc -lSystem -no_compact_unwind -v
@(#)PROGRAM:ld  PROJECT:ld64-609.8
BUILD 15:07:46 Dec 18 2020
configured to support archs: armv6 armv7 armv7s arm64 arm64e arm64_32 i386 x86_64 x86_64h armv6m armv7k armv7m armv7em
Library search paths:
	/usr/local/Cellar/gcc/11.2.0_2/lib/gcc/11/gcc/x86_64-apple-darwin19/11
	/usr/local/Cellar/gcc/11.2.0_2/lib/gcc/11
	/Library/Developer/CommandLineTools/SDKs/MacOSX10.15.sdk/usr/lib
Framework search paths:
	/Library/Developer/CommandLineTools/SDKs/MacOSX10.15.sdk/System/Library/Frameworks/


Compilation of the Fortran compiler identification source "CMakeFortranCompilerId.F" produced "a.out"

The Fortran compiler identification is GNU, found in "/Applications/fission_v2.0.5/build/CMakeFiles/3.21.1/CompilerIdFortran/a.out"

Detecting C compiler ABI info compiled with the following output:
Change Dir: /Applications/fission_v2.0.5/build/CMakeFiles/CMakeTmp

Run Build Command(s):/usr/bin/make -f Makefile cmTC_18744/fast && /Applications/Xcode.app/Contents/Developer/usr/bin/make  -f CMakeFiles/cmTC_18744.dir/build.make CMakeFiles/cmTC_18744.dir/build
Building C object CMakeFiles/cmTC_18744.dir/CMakeCCompilerABI.c.o
/Applications/Xcode.app/Contents/Developer/Toolchains/XcodeDefault.xctoolchain/usr/bin/cc   -isysroot /Applications/Xcode.app/Contents/Developer/Platforms/MacOSX.platform/Developer/SDKs/MacOSX11.1.sdk -mmacosx-version-min=10.15   -v -Wl,-v -MD -MT CMakeFiles/cmTC_18744.dir/CMakeCCompilerABI.c.o -MF CMakeFiles/cmTC_18744.dir/CMakeCCompilerABI.c.o.d -o CMakeFiles/cmTC_18744.dir/CMakeCCompilerABI.c.o -c /usr/local/Cellar/cmake/3.21.1/share/cmake/Modules/CMakeCCompilerABI.c
Apple clang version 12.0.0 (clang-1200.0.32.29)
Target: x86_64-apple-darwin19.6.0
Thread model: posix
InstalledDir: /Applications/Xcode.app/Contents/Developer/Toolchains/XcodeDefault.xctoolchain/usr/bin
clang: warning: -Wl,-v: 'linker' input unused [-Wunused-command-line-argument]
 "/Applications/Xcode.app/Contents/Developer/Toolchains/XcodeDefault.xctoolchain/usr/bin/clang" -cc1 -triple x86_64-apple-macosx10.15.0 -Wdeprecated-objc-isa-usage -Werror=deprecated-objc-isa-usage -Werror=implicit-function-declaration -emit-obj -mrelax-all -disable-free -disable-llvm-verifier -discard-value-names -main-file-name CMakeCCompilerABI.c -mrelocation-model pic -pic-level 2 -mthread-model posix -mframe-pointer=all -fno-strict-return -masm-verbose -munwind-tables -target-sdk-version=11.1 -target-cpu penryn -dwarf-column-info -debugger-tuning=lldb -target-linker-version 609.8 -v -resource-dir /Applications/Xcode.app/Contents/Developer/Toolchains/XcodeDefault.xctoolchain/usr/lib/clang/12.0.0 -dependency-file CMakeFiles/cmTC_18744.dir/CMakeCCompilerABI.c.o.d -skip-unused-modulemap-deps -MT CMakeFiles/cmTC_18744.dir/CMakeCCompilerABI.c.o -sys-header-deps -isysroot /Applications/Xcode.app/Contents/Developer/Platforms/MacOSX.platform/Developer/SDKs/MacOSX11.1.sdk -internal-isystem /Applications/Xcode.app/Contents/Developer/Platforms/MacOSX.platform/Developer/SDKs/MacOSX11.1.sdk/usr/local/include -internal-isystem /Applications/Xcode.app/Contents/Developer/Toolchains/XcodeDefault.xctoolchain/usr/lib/clang/12.0.0/include -internal-externc-isystem /Applications/Xcode.app/Contents/Developer/Platforms/MacOSX.platform/Developer/SDKs/MacOSX11.1.sdk/usr/include -internal-externc-isystem /Applications/Xcode.app/Contents/Developer/Toolchains/XcodeDefault.xctoolchain/usr/include -Wno-reorder-init-list -Wno-implicit-int-float-conversion -Wno-c99-designator -Wno-final-dtor-non-final-class -Wno-extra-semi-stmt -Wno-misleading-indentation -Wno-quoted-include-in-framework-header -Wno-implicit-fallthrough -Wno-enum-enum-conversion -Wno-enum-float-conversion -fdebug-compilation-dir /Applications/fission_v2.0.5/build/CMakeFiles/CMakeTmp -ferror-limit 19 -fmessage-length 0 -stack-protector 1 -fstack-check -mdarwin-stkchk-strong-link -fblocks -fencode-extended-block-signature -fregister-global-dtors-with-atexit -fgnuc-version=4.2.1 -fobjc-runtime=macosx-10.15.0 -fmax-type-align=16 -fdiagnostics-show-option -o CMakeFiles/cmTC_18744.dir/CMakeCCompilerABI.c.o -x c /usr/local/Cellar/cmake/3.21.1/share/cmake/Modules/CMakeCCompilerABI.c
clang -cc1 version 12.0.0 (clang-1200.0.32.29) default target x86_64-apple-darwin19.6.0
ignoring nonexistent directory "/Applications/Xcode.app/Contents/Developer/Platforms/MacOSX.platform/Developer/SDKs/MacOSX11.1.sdk/usr/local/include"
ignoring nonexistent directory "/Applications/Xcode.app/Contents/Developer/Platforms/MacOSX.platform/Developer/SDKs/MacOSX11.1.sdk/Library/Frameworks"
#include "..." search starts here:
#include <...> search starts here:
 /Applications/Xcode.app/Contents/Developer/Toolchains/XcodeDefault.xctoolchain/usr/lib/clang/12.0.0/include
 /Applications/Xcode.app/Contents/Developer/Platforms/MacOSX.platform/Developer/SDKs/MacOSX11.1.sdk/usr/include
 /Applications/Xcode.app/Contents/Developer/Toolchains/XcodeDefault.xctoolchain/usr/include
 /Applications/Xcode.app/Contents/Developer/Platforms/MacOSX.platform/Developer/SDKs/MacOSX11.1.sdk/System/Library/Frameworks (framework directory)
End of search list.
Linking C executable cmTC_18744
/usr/local/Cellar/cmake/3.21.1/bin/cmake -E cmake_link_script CMakeFiles/cmTC_18744.dir/link.txt --verbose=1
/Applications/Xcode.app/Contents/Developer/Toolchains/XcodeDefault.xctoolchain/usr/bin/cc  -isysroot /Applications/Xcode.app/Contents/Developer/Platforms/MacOSX.platform/Developer/SDKs/MacOSX11.1.sdk -mmacosx-version-min=10.15 -Wl,-search_paths_first -Wl,-headerpad_max_install_names -L/usr/local/Cellar/qt@5/5.15.2/lib -v -Wl,-v CMakeFiles/cmTC_18744.dir/CMakeCCompilerABI.c.o -o cmTC_18744 
Apple clang version 12.0.0 (clang-1200.0.32.29)
Target: x86_64-apple-darwin19.6.0
Thread model: posix
InstalledDir: /Applications/Xcode.app/Contents/Developer/Toolchains/XcodeDefault.xctoolchain/usr/bin
 "/Applications/Xcode.app/Contents/Developer/Toolchains/XcodeDefault.xctoolchain/usr/bin/ld" -demangle -lto_library /Applications/Xcode.app/Contents/Developer/Toolchains/XcodeDefault.xctoolchain/usr/lib/libLTO.dylib -dynamic -arch x86_64 -platform_version macos 10.15.0 11.1 -syslibroot /Applications/Xcode.app/Contents/Developer/Platforms/MacOSX.platform/Developer/SDKs/MacOSX11.1.sdk -o cmTC_18744 -L/usr/local/Cellar/qt@5/5.15.2/lib -search_paths_first -headerpad_max_install_names -v CMakeFiles/cmTC_18744.dir/CMakeCCompilerABI.c.o -lSystem /Applications/Xcode.app/Contents/Developer/Toolchains/XcodeDefault.xctoolchain/usr/lib/clang/12.0.0/lib/darwin/libclang_rt.osx.a
@(#)PROGRAM:ld  PROJECT:ld64-609.8
BUILD 15:07:46 Dec 18 2020
configured to support archs: armv6 armv7 armv7s arm64 arm64e arm64_32 i386 x86_64 x86_64h armv6m armv7k armv7m armv7em
Library search paths:
	/usr/local/Cellar/qt@5/5.15.2/lib
	/Applications/Xcode.app/Contents/Developer/Platforms/MacOSX.platform/Developer/SDKs/MacOSX11.1.sdk/usr/lib
Framework search paths:
	/Applications/Xcode.app/Contents/Developer/Platforms/MacOSX.platform/Developer/SDKs/MacOSX11.1.sdk/System/Library/Frameworks/



Parsed C implicit include dir info from above output: rv=done
  found start of include info
  found start of implicit include info
    add: [/Applications/Xcode.app/Contents/Developer/Toolchains/XcodeDefault.xctoolchain/usr/lib/clang/12.0.0/include]
    add: [/Applications/Xcode.app/Contents/Developer/Platforms/MacOSX.platform/Developer/SDKs/MacOSX11.1.sdk/usr/include]
    add: [/Applications/Xcode.app/Contents/Developer/Toolchains/XcodeDefault.xctoolchain/usr/include]
  end of search list found
  collapse include dir [/Applications/Xcode.app/Contents/Developer/Toolchains/XcodeDefault.xctoolchain/usr/lib/clang/12.0.0/include] ==> [/Applications/Xcode.app/Contents/Developer/Toolchains/XcodeDefault.xctoolchain/usr/lib/clang/12.0.0/include]
  collapse include dir [/Applications/Xcode.app/Contents/Developer/Platforms/MacOSX.platform/Developer/SDKs/MacOSX11.1.sdk/usr/include] ==> [/Applications/Xcode.app/Contents/Developer/Platforms/MacOSX.platform/Developer/SDKs/MacOSX11.1.sdk/usr/include]
  collapse include dir [/Applications/Xcode.app/Contents/Developer/Toolchains/XcodeDefault.xctoolchain/usr/include] ==> [/Applications/Xcode.app/Contents/Developer/Toolchains/XcodeDefault.xctoolchain/usr/include]
  implicit include dirs: [/Applications/Xcode.app/Contents/Developer/Toolchains/XcodeDefault.xctoolchain/usr/lib/clang/12.0.0/include;/Applications/Xcode.app/Contents/Developer/Platforms/MacOSX.platform/Developer/SDKs/MacOSX11.1.sdk/usr/include;/Applications/Xcode.app/Contents/Developer/Toolchains/XcodeDefault.xctoolchain/usr/include]


Parsed C implicit link information from above output:
  link line regex: [^( *|.*[/\])(ld|CMAKE_LINK_STARTFILE-NOTFOUND|([^/\]+-)?ld|collect2)[^/\]*( |$)]
  ignore line: [Change Dir: /Applications/fission_v2.0.5/build/CMakeFiles/CMakeTmp]
  ignore line: []
  ignore line: [Run Build Command(s):/usr/bin/make -f Makefile cmTC_18744/fast && /Applications/Xcode.app/Contents/Developer/usr/bin/make  -f CMakeFiles/cmTC_18744.dir/build.make CMakeFiles/cmTC_18744.dir/build]
  ignore line: [Building C object CMakeFiles/cmTC_18744.dir/CMakeCCompilerABI.c.o]
  ignore line: [/Applications/Xcode.app/Contents/Developer/Toolchains/XcodeDefault.xctoolchain/usr/bin/cc   -isysroot /Applications/Xcode.app/Contents/Developer/Platforms/MacOSX.platform/Developer/SDKs/MacOSX11.1.sdk -mmacosx-version-min=10.15   -v -Wl -v -MD -MT CMakeFiles/cmTC_18744.dir/CMakeCCompilerABI.c.o -MF CMakeFiles/cmTC_18744.dir/CMakeCCompilerABI.c.o.d -o CMakeFiles/cmTC_18744.dir/CMakeCCompilerABI.c.o -c /usr/local/Cellar/cmake/3.21.1/share/cmake/Modules/CMakeCCompilerABI.c]
  ignore line: [Apple clang version 12.0.0 (clang-1200.0.32.29)]
  ignore line: [Target: x86_64-apple-darwin19.6.0]
  ignore line: [Thread model: posix]
  ignore line: [InstalledDir: /Applications/Xcode.app/Contents/Developer/Toolchains/XcodeDefault.xctoolchain/usr/bin]
  ignore line: [clang: warning: -Wl -v: 'linker' input unused [-Wunused-command-line-argument]]
  ignore line: [ "/Applications/Xcode.app/Contents/Developer/Toolchains/XcodeDefault.xctoolchain/usr/bin/clang" -cc1 -triple x86_64-apple-macosx10.15.0 -Wdeprecated-objc-isa-usage -Werror=deprecated-objc-isa-usage -Werror=implicit-function-declaration -emit-obj -mrelax-all -disable-free -disable-llvm-verifier -discard-value-names -main-file-name CMakeCCompilerABI.c -mrelocation-model pic -pic-level 2 -mthread-model posix -mframe-pointer=all -fno-strict-return -masm-verbose -munwind-tables -target-sdk-version=11.1 -target-cpu penryn -dwarf-column-info -debugger-tuning=lldb -target-linker-version 609.8 -v -resource-dir /Applications/Xcode.app/Contents/Developer/Toolchains/XcodeDefault.xctoolchain/usr/lib/clang/12.0.0 -dependency-file CMakeFiles/cmTC_18744.dir/CMakeCCompilerABI.c.o.d -skip-unused-modulemap-deps -MT CMakeFiles/cmTC_18744.dir/CMakeCCompilerABI.c.o -sys-header-deps -isysroot /Applications/Xcode.app/Contents/Developer/Platforms/MacOSX.platform/Developer/SDKs/MacOSX11.1.sdk -internal-isystem /Applications/Xcode.app/Contents/Developer/Platforms/MacOSX.platform/Developer/SDKs/MacOSX11.1.sdk/usr/local/include -internal-isystem /Applications/Xcode.app/Contents/Developer/Toolchains/XcodeDefault.xctoolchain/usr/lib/clang/12.0.0/include -internal-externc-isystem /Applications/Xcode.app/Contents/Developer/Platforms/MacOSX.platform/Developer/SDKs/MacOSX11.1.sdk/usr/include -internal-externc-isystem /Applications/Xcode.app/Contents/Developer/Toolchains/XcodeDefault.xctoolchain/usr/include -Wno-reorder-init-list -Wno-implicit-int-float-conversion -Wno-c99-designator -Wno-final-dtor-non-final-class -Wno-extra-semi-stmt -Wno-misleading-indentation -Wno-quoted-include-in-framework-header -Wno-implicit-fallthrough -Wno-enum-enum-conversion -Wno-enum-float-conversion -fdebug-compilation-dir /Applications/fission_v2.0.5/build/CMakeFiles/CMakeTmp -ferror-limit 19 -fmessage-length 0 -stack-protector 1 -fstack-check -mdarwin-stkchk-strong-link -fblocks -fencode-extended-block-signature -fregister-global-dtors-with-atexit -fgnuc-version=4.2.1 -fobjc-runtime=macosx-10.15.0 -fmax-type-align=16 -fdiagnostics-show-option -o CMakeFiles/cmTC_18744.dir/CMakeCCompilerABI.c.o -x c /usr/local/Cellar/cmake/3.21.1/share/cmake/Modules/CMakeCCompilerABI.c]
  ignore line: [clang -cc1 version 12.0.0 (clang-1200.0.32.29) default target x86_64-apple-darwin19.6.0]
  ignore line: [ignoring nonexistent directory "/Applications/Xcode.app/Contents/Developer/Platforms/MacOSX.platform/Developer/SDKs/MacOSX11.1.sdk/usr/local/include"]
  ignore line: [ignoring nonexistent directory "/Applications/Xcode.app/Contents/Developer/Platforms/MacOSX.platform/Developer/SDKs/MacOSX11.1.sdk/Library/Frameworks"]
  ignore line: [#include "..." search starts here:]
  ignore line: [#include <...> search starts here:]
  ignore line: [ /Applications/Xcode.app/Contents/Developer/Toolchains/XcodeDefault.xctoolchain/usr/lib/clang/12.0.0/include]
  ignore line: [ /Applications/Xcode.app/Contents/Developer/Platforms/MacOSX.platform/Developer/SDKs/MacOSX11.1.sdk/usr/include]
  ignore line: [ /Applications/Xcode.app/Contents/Developer/Toolchains/XcodeDefault.xctoolchain/usr/include]
  ignore line: [ /Applications/Xcode.app/Contents/Developer/Platforms/MacOSX.platform/Developer/SDKs/MacOSX11.1.sdk/System/Library/Frameworks (framework directory)]
  ignore line: [End of search list.]
  ignore line: [Linking C executable cmTC_18744]
  ignore line: [/usr/local/Cellar/cmake/3.21.1/bin/cmake -E cmake_link_script CMakeFiles/cmTC_18744.dir/link.txt --verbose=1]
  ignore line: [/Applications/Xcode.app/Contents/Developer/Toolchains/XcodeDefault.xctoolchain/usr/bin/cc  -isysroot /Applications/Xcode.app/Contents/Developer/Platforms/MacOSX.platform/Developer/SDKs/MacOSX11.1.sdk -mmacosx-version-min=10.15 -Wl -search_paths_first -Wl -headerpad_max_install_names -L/usr/local/Cellar/qt@5/5.15.2/lib -v -Wl -v CMakeFiles/cmTC_18744.dir/CMakeCCompilerABI.c.o -o cmTC_18744 ]
  ignore line: [Apple clang version 12.0.0 (clang-1200.0.32.29)]
  ignore line: [Target: x86_64-apple-darwin19.6.0]
  ignore line: [Thread model: posix]
  ignore line: [InstalledDir: /Applications/Xcode.app/Contents/Developer/Toolchains/XcodeDefault.xctoolchain/usr/bin]
  link line: [ "/Applications/Xcode.app/Contents/Developer/Toolchains/XcodeDefault.xctoolchain/usr/bin/ld" -demangle -lto_library /Applications/Xcode.app/Contents/Developer/Toolchains/XcodeDefault.xctoolchain/usr/lib/libLTO.dylib -dynamic -arch x86_64 -platform_version macos 10.15.0 11.1 -syslibroot /Applications/Xcode.app/Contents/Developer/Platforms/MacOSX.platform/Developer/SDKs/MacOSX11.1.sdk -o cmTC_18744 -L/usr/local/Cellar/qt@5/5.15.2/lib -search_paths_first -headerpad_max_install_names -v CMakeFiles/cmTC_18744.dir/CMakeCCompilerABI.c.o -lSystem /Applications/Xcode.app/Contents/Developer/Toolchains/XcodeDefault.xctoolchain/usr/lib/clang/12.0.0/lib/darwin/libclang_rt.osx.a]
    arg [/Applications/Xcode.app/Contents/Developer/Toolchains/XcodeDefault.xctoolchain/usr/bin/ld] ==> ignore
    arg [-demangle] ==> ignore
    arg [-lto_library] ==> ignore, skip following value
    arg [/Applications/Xcode.app/Contents/Developer/Toolchains/XcodeDefault.xctoolchain/usr/lib/libLTO.dylib] ==> skip value of -lto_library
    arg [-dynamic] ==> ignore
    arg [-arch] ==> ignore
    arg [x86_64] ==> ignore
    arg [-platform_version] ==> ignore
    arg [macos] ==> ignore
    arg [10.15.0] ==> ignore
    arg [11.1] ==> ignore
    arg [-syslibroot] ==> ignore
    arg [/Applications/Xcode.app/Contents/Developer/Platforms/MacOSX.platform/Developer/SDKs/MacOSX11.1.sdk] ==> ignore
    arg [-o] ==> ignore
    arg [cmTC_18744] ==> ignore
    arg [-L/usr/local/Cellar/qt@5/5.15.2/lib] ==> dir [/usr/local/Cellar/qt@5/5.15.2/lib]
    arg [-search_paths_first] ==> ignore
    arg [-headerpad_max_install_names] ==> ignore
    arg [-v] ==> ignore
    arg [CMakeFiles/cmTC_18744.dir/CMakeCCompilerABI.c.o] ==> ignore
    arg [-lSystem] ==> lib [System]
    arg [/Applications/Xcode.app/Contents/Developer/Toolchains/XcodeDefault.xctoolchain/usr/lib/clang/12.0.0/lib/darwin/libclang_rt.osx.a] ==> lib [/Applications/Xcode.app/Contents/Developer/Toolchains/XcodeDefault.xctoolchain/usr/lib/clang/12.0.0/lib/darwin/libclang_rt.osx.a]
  Library search paths: [;/usr/local/Cellar/qt@5/5.15.2/lib;/Applications/Xcode.app/Contents/Developer/Platforms/MacOSX.platform/Developer/SDKs/MacOSX11.1.sdk/usr/lib]
  Framework search paths: [;/Applications/Xcode.app/Contents/Developer/Platforms/MacOSX.platform/Developer/SDKs/MacOSX11.1.sdk/System/Library/Frameworks/]
  remove lib [System]
  remove lib [/Applications/Xcode.app/Contents/Developer/Toolchains/XcodeDefault.xctoolchain/usr/lib/clang/12.0.0/lib/darwin/libclang_rt.osx.a]
  collapse library dir [/usr/local/Cellar/qt@5/5.15.2/lib] ==> [/usr/local/Cellar/qt@5/5.15.2/lib]
  collapse library dir [/usr/local/Cellar/qt@5/5.15.2/lib] ==> [/usr/local/Cellar/qt@5/5.15.2/lib]
  collapse library dir [/Applications/Xcode.app/Contents/Developer/Platforms/MacOSX.platform/Developer/SDKs/MacOSX11.1.sdk/usr/lib] ==> [/Applications/Xcode.app/Contents/Developer/Platforms/MacOSX.platform/Developer/SDKs/MacOSX11.1.sdk/usr/lib]
  collapse framework dir [/Applications/Xcode.app/Contents/Developer/Platforms/MacOSX.platform/Developer/SDKs/MacOSX11.1.sdk/System/Library/Frameworks/] ==> [/Applications/Xcode.app/Contents/Developer/Platforms/MacOSX.platform/Developer/SDKs/MacOSX11.1.sdk/System/Library/Frameworks]
  implicit libs: []
  implicit objs: []
  implicit dirs: [/usr/local/Cellar/qt@5/5.15.2/lib;/Applications/Xcode.app/Contents/Developer/Platforms/MacOSX.platform/Developer/SDKs/MacOSX11.1.sdk/usr/lib]
  implicit fwks: [/Applications/Xcode.app/Contents/Developer/Platforms/MacOSX.platform/Developer/SDKs/MacOSX11.1.sdk/System/Library/Frameworks]


Detecting CXX compiler ABI info compiled with the following output:
Change Dir: /Applications/fission_v2.0.5/build/CMakeFiles/CMakeTmp

Run Build Command(s):/usr/bin/make -f Makefile cmTC_beadb/fast && /Applications/Xcode.app/Contents/Developer/usr/bin/make  -f CMakeFiles/cmTC_beadb.dir/build.make CMakeFiles/cmTC_beadb.dir/build
Building CXX object CMakeFiles/cmTC_beadb.dir/CMakeCXXCompilerABI.cpp.o
/Applications/Xcode.app/Contents/Developer/Toolchains/XcodeDefault.xctoolchain/usr/bin/c++   -isysroot /Applications/Xcode.app/Contents/Developer/Platforms/MacOSX.platform/Developer/SDKs/MacOSX11.1.sdk -mmacosx-version-min=10.15   -v -Wl,-v -MD -MT CMakeFiles/cmTC_beadb.dir/CMakeCXXCompilerABI.cpp.o -MF CMakeFiles/cmTC_beadb.dir/CMakeCXXCompilerABI.cpp.o.d -o CMakeFiles/cmTC_beadb.dir/CMakeCXXCompilerABI.cpp.o -c /usr/local/Cellar/cmake/3.21.1/share/cmake/Modules/CMakeCXXCompilerABI.cpp
Apple clang version 12.0.0 (clang-1200.0.32.29)
Target: x86_64-apple-darwin19.6.0
Thread model: posix
InstalledDir: /Applications/Xcode.app/Contents/Developer/Toolchains/XcodeDefault.xctoolchain/usr/bin
clang: warning: -Wl,-v: 'linker' input unused [-Wunused-command-line-argument]
ignoring nonexistent directory "/Applications/Xcode.app/Contents/Developer/Platforms/MacOSX.platform/Developer/SDKs/MacOSX11.1.sdk/usr/include/c++/v1"
 "/Applications/Xcode.app/Contents/Developer/Toolchains/XcodeDefault.xctoolchain/usr/bin/clang" -cc1 -triple x86_64-apple-macosx10.15.0 -Wdeprecated-objc-isa-usage -Werror=deprecated-objc-isa-usage -Werror=implicit-function-declaration -emit-obj -mrelax-all -disable-free -disable-llvm-verifier -discard-value-names -main-file-name CMakeCXXCompilerABI.cpp -mrelocation-model pic -pic-level 2 -mthread-model posix -mframe-pointer=all -fno-strict-return -masm-verbose -munwind-tables -target-sdk-version=11.1 -target-cpu penryn -dwarf-column-info -debugger-tuning=lldb -target-linker-version 609.8 -v -resource-dir /Applications/Xcode.app/Contents/Developer/Toolchains/XcodeDefault.xctoolchain/usr/lib/clang/12.0.0 -dependency-file CMakeFiles/cmTC_beadb.dir/CMakeCXXCompilerABI.cpp.o.d -skip-unused-modulemap-deps -MT CMakeFiles/cmTC_beadb.dir/CMakeCXXCompilerABI.cpp.o -sys-header-deps -isysroot /Applications/Xcode.app/Contents/Developer/Platforms/MacOSX.platform/Developer/SDKs/MacOSX11.1.sdk -stdlib=libc++ -internal-isystem /Applications/Xcode.app/Contents/Developer/Toolchains/XcodeDefault.xctoolchain/usr/bin/../include/c++/v1 -internal-isystem /Applications/Xcode.app/Contents/Developer/Platforms/MacOSX.platform/Developer/SDKs/MacOSX11.1.sdk/usr/local/include -internal-isystem /Applications/Xcode.app/Contents/Developer/Toolchains/XcodeDefault.xctoolchain/usr/lib/clang/12.0.0/include -internal-externc-isystem /Applications/Xcode.app/Contents/Developer/Platforms/MacOSX.platform/Developer/SDKs/MacOSX11.1.sdk/usr/include -internal-externc-isystem /Applications/Xcode.app/Contents/Developer/Toolchains/XcodeDefault.xctoolchain/usr/include -Wno-reorder-init-list -Wno-implicit-int-float-conversion -Wno-c99-designator -Wno-final-dtor-non-final-class -Wno-extra-semi-stmt -Wno-misleading-indentation -Wno-quoted-include-in-framework-header -Wno-implicit-fallthrough -Wno-enum-enum-conversion -Wno-enum-float-conversion -fdeprecated-macro -fdebug-compilation-dir /Applications/fission_v2.0.5/build/CMakeFiles/CMakeTmp -ferror-limit 19 -fmessage-length 0 -stack-protector 1 -fstack-check -mdarwin-stkchk-strong-link -fblocks -fencode-extended-block-signature -fregister-global-dtors-with-atexit -fgnuc-version=4.2.1 -fobjc-runtime=macosx-10.15.0 -fcxx-exceptions -fexceptions -fmax-type-align=16 -fdiagnostics-show-option -o CMakeFiles/cmTC_beadb.dir/CMakeCXXCompilerABI.cpp.o -x c++ /usr/local/Cellar/cmake/3.21.1/share/cmake/Modules/CMakeCXXCompilerABI.cpp
clang -cc1 version 12.0.0 (clang-1200.0.32.29) default target x86_64-apple-darwin19.6.0
ignoring nonexistent directory "/Applications/Xcode.app/Contents/Developer/Platforms/MacOSX.platform/Developer/SDKs/MacOSX11.1.sdk/usr/local/include"
ignoring nonexistent directory "/Applications/Xcode.app/Contents/Developer/Platforms/MacOSX.platform/Developer/SDKs/MacOSX11.1.sdk/Library/Frameworks"
#include "..." search starts here:
#include <...> search starts here:
 /Applications/Xcode.app/Contents/Developer/Toolchains/XcodeDefault.xctoolchain/usr/bin/../include/c++/v1
 /Applications/Xcode.app/Contents/Developer/Toolchains/XcodeDefault.xctoolchain/usr/lib/clang/12.0.0/include
 /Applications/Xcode.app/Contents/Developer/Platforms/MacOSX.platform/Developer/SDKs/MacOSX11.1.sdk/usr/include
 /Applications/Xcode.app/Contents/Developer/Toolchains/XcodeDefault.xctoolchain/usr/include
 /Applications/Xcode.app/Contents/Developer/Platforms/MacOSX.platform/Developer/SDKs/MacOSX11.1.sdk/System/Library/Frameworks (framework directory)
End of search list.
Linking CXX executable cmTC_beadb
/usr/local/Cellar/cmake/3.21.1/bin/cmake -E cmake_link_script CMakeFiles/cmTC_beadb.dir/link.txt --verbose=1
/Applications/Xcode.app/Contents/Developer/Toolchains/XcodeDefault.xctoolchain/usr/bin/c++  -isysroot /Applications/Xcode.app/Contents/Developer/Platforms/MacOSX.platform/Developer/SDKs/MacOSX11.1.sdk -mmacosx-version-min=10.15 -Wl,-search_paths_first -Wl,-headerpad_max_install_names -L/usr/local/Cellar/qt@5/5.15.2/lib -v -Wl,-v CMakeFiles/cmTC_beadb.dir/CMakeCXXCompilerABI.cpp.o -o cmTC_beadb 
Apple clang version 12.0.0 (clang-1200.0.32.29)
Target: x86_64-apple-darwin19.6.0
Thread model: posix
InstalledDir: /Applications/Xcode.app/Contents/Developer/Toolchains/XcodeDefault.xctoolchain/usr/bin
 "/Applications/Xcode.app/Contents/Developer/Toolchains/XcodeDefault.xctoolchain/usr/bin/ld" -demangle -lto_library /Applications/Xcode.app/Contents/Developer/Toolchains/XcodeDefault.xctoolchain/usr/lib/libLTO.dylib -dynamic -arch x86_64 -platform_version macos 10.15.0 11.1 -syslibroot /Applications/Xcode.app/Contents/Developer/Platforms/MacOSX.platform/Developer/SDKs/MacOSX11.1.sdk -o cmTC_beadb -L/usr/local/Cellar/qt@5/5.15.2/lib -search_paths_first -headerpad_max_install_names -v CMakeFiles/cmTC_beadb.dir/CMakeCXXCompilerABI.cpp.o -lc++ -lSystem /Applications/Xcode.app/Contents/Developer/Toolchains/XcodeDefault.xctoolchain/usr/lib/clang/12.0.0/lib/darwin/libclang_rt.osx.a
@(#)PROGRAM:ld  PROJECT:ld64-609.8
BUILD 15:07:46 Dec 18 2020
configured to support archs: armv6 armv7 armv7s arm64 arm64e arm64_32 i386 x86_64 x86_64h armv6m armv7k armv7m armv7em
Library search paths:
	/usr/local/Cellar/qt@5/5.15.2/lib
	/Applications/Xcode.app/Contents/Developer/Platforms/MacOSX.platform/Developer/SDKs/MacOSX11.1.sdk/usr/lib
Framework search paths:
	/Applications/Xcode.app/Contents/Developer/Platforms/MacOSX.platform/Developer/SDKs/MacOSX11.1.sdk/System/Library/Frameworks/



Parsed CXX implicit include dir info from above output: rv=done
  found start of include info
  found start of implicit include info
    add: [/Applications/Xcode.app/Contents/Developer/Toolchains/XcodeDefault.xctoolchain/usr/bin/../include/c++/v1]
    add: [/Applications/Xcode.app/Contents/Developer/Toolchains/XcodeDefault.xctoolchain/usr/lib/clang/12.0.0/include]
    add: [/Applications/Xcode.app/Contents/Developer/Platforms/MacOSX.platform/Developer/SDKs/MacOSX11.1.sdk/usr/include]
    add: [/Applications/Xcode.app/Contents/Developer/Toolchains/XcodeDefault.xctoolchain/usr/include]
  end of search list found
  collapse include dir [/Applications/Xcode.app/Contents/Developer/Toolchains/XcodeDefault.xctoolchain/usr/bin/../include/c++/v1] ==> [/Applications/Xcode.app/Contents/Developer/Toolchains/XcodeDefault.xctoolchain/usr/include/c++/v1]
  collapse include dir [/Applications/Xcode.app/Contents/Developer/Toolchains/XcodeDefault.xctoolchain/usr/lib/clang/12.0.0/include] ==> [/Applications/Xcode.app/Contents/Developer/Toolchains/XcodeDefault.xctoolchain/usr/lib/clang/12.0.0/include]
  collapse include dir [/Applications/Xcode.app/Contents/Developer/Platforms/MacOSX.platform/Developer/SDKs/MacOSX11.1.sdk/usr/include] ==> [/Applications/Xcode.app/Contents/Developer/Platforms/MacOSX.platform/Developer/SDKs/MacOSX11.1.sdk/usr/include]
  collapse include dir [/Applications/Xcode.app/Contents/Developer/Toolchains/XcodeDefault.xctoolchain/usr/include] ==> [/Applications/Xcode.app/Contents/Developer/Toolchains/XcodeDefault.xctoolchain/usr/include]
  implicit include dirs: [/Applications/Xcode.app/Contents/Developer/Toolchains/XcodeDefault.xctoolchain/usr/include/c++/v1;/Applications/Xcode.app/Contents/Developer/Toolchains/XcodeDefault.xctoolchain/usr/lib/clang/12.0.0/include;/Applications/Xcode.app/Contents/Developer/Platforms/MacOSX.platform/Developer/SDKs/MacOSX11.1.sdk/usr/include;/Applications/Xcode.app/Contents/Developer/Toolchains/XcodeDefault.xctoolchain/usr/include]


Parsed CXX implicit link information from above output:
  link line regex: [^( *|.*[/\])(ld|CMAKE_LINK_STARTFILE-NOTFOUND|([^/\]+-)?ld|collect2)[^/\]*( |$)]
  ignore line: [Change Dir: /Applications/fission_v2.0.5/build/CMakeFiles/CMakeTmp]
  ignore line: []
  ignore line: [Run Build Command(s):/usr/bin/make -f Makefile cmTC_beadb/fast && /Applications/Xcode.app/Contents/Developer/usr/bin/make  -f CMakeFiles/cmTC_beadb.dir/build.make CMakeFiles/cmTC_beadb.dir/build]
  ignore line: [Building CXX object CMakeFiles/cmTC_beadb.dir/CMakeCXXCompilerABI.cpp.o]
  ignore line: [/Applications/Xcode.app/Contents/Developer/Toolchains/XcodeDefault.xctoolchain/usr/bin/c++   -isysroot /Applications/Xcode.app/Contents/Developer/Platforms/MacOSX.platform/Developer/SDKs/MacOSX11.1.sdk -mmacosx-version-min=10.15   -v -Wl -v -MD -MT CMakeFiles/cmTC_beadb.dir/CMakeCXXCompilerABI.cpp.o -MF CMakeFiles/cmTC_beadb.dir/CMakeCXXCompilerABI.cpp.o.d -o CMakeFiles/cmTC_beadb.dir/CMakeCXXCompilerABI.cpp.o -c /usr/local/Cellar/cmake/3.21.1/share/cmake/Modules/CMakeCXXCompilerABI.cpp]
  ignore line: [Apple clang version 12.0.0 (clang-1200.0.32.29)]
  ignore line: [Target: x86_64-apple-darwin19.6.0]
  ignore line: [Thread model: posix]
  ignore line: [InstalledDir: /Applications/Xcode.app/Contents/Developer/Toolchains/XcodeDefault.xctoolchain/usr/bin]
  ignore line: [clang: warning: -Wl -v: 'linker' input unused [-Wunused-command-line-argument]]
  ignore line: [ignoring nonexistent directory "/Applications/Xcode.app/Contents/Developer/Platforms/MacOSX.platform/Developer/SDKs/MacOSX11.1.sdk/usr/include/c++/v1"]
  ignore line: [ "/Applications/Xcode.app/Contents/Developer/Toolchains/XcodeDefault.xctoolchain/usr/bin/clang" -cc1 -triple x86_64-apple-macosx10.15.0 -Wdeprecated-objc-isa-usage -Werror=deprecated-objc-isa-usage -Werror=implicit-function-declaration -emit-obj -mrelax-all -disable-free -disable-llvm-verifier -discard-value-names -main-file-name CMakeCXXCompilerABI.cpp -mrelocation-model pic -pic-level 2 -mthread-model posix -mframe-pointer=all -fno-strict-return -masm-verbose -munwind-tables -target-sdk-version=11.1 -target-cpu penryn -dwarf-column-info -debugger-tuning=lldb -target-linker-version 609.8 -v -resource-dir /Applications/Xcode.app/Contents/Developer/Toolchains/XcodeDefault.xctoolchain/usr/lib/clang/12.0.0 -dependency-file CMakeFiles/cmTC_beadb.dir/CMakeCXXCompilerABI.cpp.o.d -skip-unused-modulemap-deps -MT CMakeFiles/cmTC_beadb.dir/CMakeCXXCompilerABI.cpp.o -sys-header-deps -isysroot /Applications/Xcode.app/Contents/Developer/Platforms/MacOSX.platform/Developer/SDKs/MacOSX11.1.sdk -stdlib=libc++ -internal-isystem /Applications/Xcode.app/Contents/Developer/Toolchains/XcodeDefault.xctoolchain/usr/bin/../include/c++/v1 -internal-isystem /Applications/Xcode.app/Contents/Developer/Platforms/MacOSX.platform/Developer/SDKs/MacOSX11.1.sdk/usr/local/include -internal-isystem /Applications/Xcode.app/Contents/Developer/Toolchains/XcodeDefault.xctoolchain/usr/lib/clang/12.0.0/include -internal-externc-isystem /Applications/Xcode.app/Contents/Developer/Platforms/MacOSX.platform/Developer/SDKs/MacOSX11.1.sdk/usr/include -internal-externc-isystem /Applications/Xcode.app/Contents/Developer/Toolchains/XcodeDefault.xctoolchain/usr/include -Wno-reorder-init-list -Wno-implicit-int-float-conversion -Wno-c99-designator -Wno-final-dtor-non-final-class -Wno-extra-semi-stmt -Wno-misleading-indentation -Wno-quoted-include-in-framework-header -Wno-implicit-fallthrough -Wno-enum-enum-conversion -Wno-enum-float-conversion -fdeprecated-macro -fdebug-compilation-dir /Applications/fission_v2.0.5/build/CMakeFiles/CMakeTmp -ferror-limit 19 -fmessage-length 0 -stack-protector 1 -fstack-check -mdarwin-stkchk-strong-link -fblocks -fencode-extended-block-signature -fregister-global-dtors-with-atexit -fgnuc-version=4.2.1 -fobjc-runtime=macosx-10.15.0 -fcxx-exceptions -fexceptions -fmax-type-align=16 -fdiagnostics-show-option -o CMakeFiles/cmTC_beadb.dir/CMakeCXXCompilerABI.cpp.o -x c++ /usr/local/Cellar/cmake/3.21.1/share/cmake/Modules/CMakeCXXCompilerABI.cpp]
  ignore line: [clang -cc1 version 12.0.0 (clang-1200.0.32.29) default target x86_64-apple-darwin19.6.0]
  ignore line: [ignoring nonexistent directory "/Applications/Xcode.app/Contents/Developer/Platforms/MacOSX.platform/Developer/SDKs/MacOSX11.1.sdk/usr/local/include"]
  ignore line: [ignoring nonexistent directory "/Applications/Xcode.app/Contents/Developer/Platforms/MacOSX.platform/Developer/SDKs/MacOSX11.1.sdk/Library/Frameworks"]
  ignore line: [#include "..." search starts here:]
  ignore line: [#include <...> search starts here:]
  ignore line: [ /Applications/Xcode.app/Contents/Developer/Toolchains/XcodeDefault.xctoolchain/usr/bin/../include/c++/v1]
  ignore line: [ /Applications/Xcode.app/Contents/Developer/Toolchains/XcodeDefault.xctoolchain/usr/lib/clang/12.0.0/include]
  ignore line: [ /Applications/Xcode.app/Contents/Developer/Platforms/MacOSX.platform/Developer/SDKs/MacOSX11.1.sdk/usr/include]
  ignore line: [ /Applications/Xcode.app/Contents/Developer/Toolchains/XcodeDefault.xctoolchain/usr/include]
  ignore line: [ /Applications/Xcode.app/Contents/Developer/Platforms/MacOSX.platform/Developer/SDKs/MacOSX11.1.sdk/System/Library/Frameworks (framework directory)]
  ignore line: [End of search list.]
  ignore line: [Linking CXX executable cmTC_beadb]
  ignore line: [/usr/local/Cellar/cmake/3.21.1/bin/cmake -E cmake_link_script CMakeFiles/cmTC_beadb.dir/link.txt --verbose=1]
  ignore line: [/Applications/Xcode.app/Contents/Developer/Toolchains/XcodeDefault.xctoolchain/usr/bin/c++  -isysroot /Applications/Xcode.app/Contents/Developer/Platforms/MacOSX.platform/Developer/SDKs/MacOSX11.1.sdk -mmacosx-version-min=10.15 -Wl -search_paths_first -Wl -headerpad_max_install_names -L/usr/local/Cellar/qt@5/5.15.2/lib -v -Wl -v CMakeFiles/cmTC_beadb.dir/CMakeCXXCompilerABI.cpp.o -o cmTC_beadb ]
  ignore line: [Apple clang version 12.0.0 (clang-1200.0.32.29)]
  ignore line: [Target: x86_64-apple-darwin19.6.0]
  ignore line: [Thread model: posix]
  ignore line: [InstalledDir: /Applications/Xcode.app/Contents/Developer/Toolchains/XcodeDefault.xctoolchain/usr/bin]
  link line: [ "/Applications/Xcode.app/Contents/Developer/Toolchains/XcodeDefault.xctoolchain/usr/bin/ld" -demangle -lto_library /Applications/Xcode.app/Contents/Developer/Toolchains/XcodeDefault.xctoolchain/usr/lib/libLTO.dylib -dynamic -arch x86_64 -platform_version macos 10.15.0 11.1 -syslibroot /Applications/Xcode.app/Contents/Developer/Platforms/MacOSX.platform/Developer/SDKs/MacOSX11.1.sdk -o cmTC_beadb -L/usr/local/Cellar/qt@5/5.15.2/lib -search_paths_first -headerpad_max_install_names -v CMakeFiles/cmTC_beadb.dir/CMakeCXXCompilerABI.cpp.o -lc++ -lSystem /Applications/Xcode.app/Contents/Developer/Toolchains/XcodeDefault.xctoolchain/usr/lib/clang/12.0.0/lib/darwin/libclang_rt.osx.a]
    arg [/Applications/Xcode.app/Contents/Developer/Toolchains/XcodeDefault.xctoolchain/usr/bin/ld] ==> ignore
    arg [-demangle] ==> ignore
    arg [-lto_library] ==> ignore, skip following value
    arg [/Applications/Xcode.app/Contents/Developer/Toolchains/XcodeDefault.xctoolchain/usr/lib/libLTO.dylib] ==> skip value of -lto_library
    arg [-dynamic] ==> ignore
    arg [-arch] ==> ignore
    arg [x86_64] ==> ignore
    arg [-platform_version] ==> ignore
    arg [macos] ==> ignore
    arg [10.15.0] ==> ignore
    arg [11.1] ==> ignore
    arg [-syslibroot] ==> ignore
    arg [/Applications/Xcode.app/Contents/Developer/Platforms/MacOSX.platform/Developer/SDKs/MacOSX11.1.sdk] ==> ignore
    arg [-o] ==> ignore
    arg [cmTC_beadb] ==> ignore
    arg [-L/usr/local/Cellar/qt@5/5.15.2/lib] ==> dir [/usr/local/Cellar/qt@5/5.15.2/lib]
    arg [-search_paths_first] ==> ignore
    arg [-headerpad_max_install_names] ==> ignore
    arg [-v] ==> ignore
    arg [CMakeFiles/cmTC_beadb.dir/CMakeCXXCompilerABI.cpp.o] ==> ignore
    arg [-lc++] ==> lib [c++]
    arg [-lSystem] ==> lib [System]
    arg [/Applications/Xcode.app/Contents/Developer/Toolchains/XcodeDefault.xctoolchain/usr/lib/clang/12.0.0/lib/darwin/libclang_rt.osx.a] ==> lib [/Applications/Xcode.app/Contents/Developer/Toolchains/XcodeDefault.xctoolchain/usr/lib/clang/12.0.0/lib/darwin/libclang_rt.osx.a]
  Library search paths: [;/usr/local/Cellar/qt@5/5.15.2/lib;/Applications/Xcode.app/Contents/Developer/Platforms/MacOSX.platform/Developer/SDKs/MacOSX11.1.sdk/usr/lib]
  Framework search paths: [;/Applications/Xcode.app/Contents/Developer/Platforms/MacOSX.platform/Developer/SDKs/MacOSX11.1.sdk/System/Library/Frameworks/]
  remove lib [System]
  remove lib [/Applications/Xcode.app/Contents/Developer/Toolchains/XcodeDefault.xctoolchain/usr/lib/clang/12.0.0/lib/darwin/libclang_rt.osx.a]
  collapse library dir [/usr/local/Cellar/qt@5/5.15.2/lib] ==> [/usr/local/Cellar/qt@5/5.15.2/lib]
  collapse library dir [/usr/local/Cellar/qt@5/5.15.2/lib] ==> [/usr/local/Cellar/qt@5/5.15.2/lib]
  collapse library dir [/Applications/Xcode.app/Contents/Developer/Platforms/MacOSX.platform/Developer/SDKs/MacOSX11.1.sdk/usr/lib] ==> [/Applications/Xcode.app/Contents/Developer/Platforms/MacOSX.platform/Developer/SDKs/MacOSX11.1.sdk/usr/lib]
  collapse framework dir [/Applications/Xcode.app/Contents/Developer/Platforms/MacOSX.platform/Developer/SDKs/MacOSX11.1.sdk/System/Library/Frameworks/] ==> [/Applications/Xcode.app/Contents/Developer/Platforms/MacOSX.platform/Developer/SDKs/MacOSX11.1.sdk/System/Library/Frameworks]
  implicit libs: [c++]
  implicit objs: []
  implicit dirs: [/usr/local/Cellar/qt@5/5.15.2/lib;/Applications/Xcode.app/Contents/Developer/Platforms/MacOSX.platform/Developer/SDKs/MacOSX11.1.sdk/usr/lib]
  implicit fwks: [/Applications/Xcode.app/Contents/Developer/Platforms/MacOSX.platform/Developer/SDKs/MacOSX11.1.sdk/System/Library/Frameworks]


Detecting Fortran compiler ABI info compiled with the following output:
Change Dir: /Applications/fission_v2.0.5/build/CMakeFiles/CMakeTmp

Run Build Command(s):/usr/bin/make -f Makefile cmTC_f43f7/fast && /Applications/Xcode.app/Contents/Developer/usr/bin/make  -f CMakeFiles/cmTC_f43f7.dir/build.make CMakeFiles/cmTC_f43f7.dir/build
Building Fortran object CMakeFiles/cmTC_f43f7.dir/CMakeFortranCompilerABI.F.o
/usr/local/bin/gfortran   -isysroot /Applications/Xcode.app/Contents/Developer/Platforms/MacOSX.platform/Developer/SDKs/MacOSX11.1.sdk -mmacosx-version-min=10.15   -v -Wl,-v -c /usr/local/Cellar/cmake/3.21.1/share/cmake/Modules/CMakeFortranCompilerABI.F -o CMakeFiles/cmTC_f43f7.dir/CMakeFortranCompilerABI.F.o
Using built-in specs.
COLLECT_GCC=/usr/local/bin/gfortran
Target: x86_64-apple-darwin19
Configured with: ../configure --prefix=/usr/local/Cellar/gcc/11.2.0_2 --libdir=/usr/local/Cellar/gcc/11.2.0_2/lib/gcc/11 --disable-nls --enable-checking=release --with-gcc-major-version-only --enable-languages=c,c++,objc,obj-c++,fortran,d --program-suffix=-11 --with-gmp=/usr/local/opt/gmp --with-mpfr=/usr/local/opt/mpfr --with-mpc=/usr/local/opt/libmpc --with-isl=/usr/local/opt/isl --with-zstd=/usr/local/opt/zstd --with-pkgversion='Homebrew GCC 11.2.0_2' --with-bugurl=https://github.com/Homebrew/homebrew-core/issues --enable-libphobos --build=x86_64-apple-darwin19 --with-system-zlib --disable-multilib --with-native-system-header-dir=/usr/include --with-sysroot=/Library/Developer/CommandLineTools/SDKs/MacOSX10.15.sdk
Thread model: posix
Supported LTO compression algorithms: zlib zstd
gcc version 11.2.0 (Homebrew GCC 11.2.0_2) 
COLLECT_GCC_OPTIONS='-isysroot' '/Applications/Xcode.app/Contents/Developer/Platforms/MacOSX.platform/Developer/SDKs/MacOSX11.1.sdk' '-v' '-c' '-o' 'CMakeFiles/cmTC_f43f7.dir/CMakeFortranCompilerABI.F.o' '-mmacosx-version-min=10.15' '-asm_macosx_version_min=10.15' '-mtune=core2' '-dumpdir' 'CMakeFiles/cmTC_f43f7.dir/'
 /usr/local/Cellar/gcc/11.2.0_2/libexec/gcc/x86_64-apple-darwin19/11/f951 /usr/local/Cellar/cmake/3.21.1/share/cmake/Modules/CMakeFortranCompilerABI.F -ffixed-form -cpp=/var/folders/r0/1zwhjtl13235q5r2x7y9s1n80000gn/T//ccv8M8u3.f90 -quiet -v -D__DYNAMIC__ -isysroot /Applications/Xcode.app/Contents/Developer/Platforms/MacOSX.platform/Developer/SDKs/MacOSX11.1.sdk /usr/local/Cellar/cmake/3.21.1/share/cmake/Modules/CMakeFortranCompilerABI.F -fPIC -quiet -dumpdir CMakeFiles/cmTC_f43f7.dir/ -dumpbase CMakeFortranCompilerABI.F.F -dumpbase-ext .F -mmacosx-version-min=10.15 -mtune=core2 -version -fintrinsic-modules-path /usr/local/Cellar/gcc/11.2.0_2/lib/gcc/11/gcc/x86_64-apple-darwin19/11/finclude -o /var/folders/r0/1zwhjtl13235q5r2x7y9s1n80000gn/T//ccBSQxXU.s
GNU Fortran (Homebrew GCC 11.2.0_2) version 11.2.0 (x86_64-apple-darwin19)
	compiled by GNU C version 11.2.0, GMP version 6.2.1, MPFR version 4.1.0, MPC version 1.2.1, isl version isl-0.24-GMP

GGC heuristics: --param ggc-min-expand=100 --param ggc-min-heapsize=131072
ignoring nonexistent directory "/Applications/Xcode.app/Contents/Developer/Platforms/MacOSX.platform/Developer/SDKs/MacOSX11.1.sdk/usr/local/include"
ignoring nonexistent directory "/usr/local/Cellar/gcc/11.2.0_2/lib/gcc/11/gcc/x86_64-apple-darwin19/11/../../../../../../x86_64-apple-darwin19/include"
#include "..." search starts here:
#include <...> search starts here:
 /usr/local/Cellar/gcc/11.2.0_2/lib/gcc/11/gcc/x86_64-apple-darwin19/11/finclude
 /usr/local/Cellar/gcc/11.2.0_2/lib/gcc/11/gcc/x86_64-apple-darwin19/11/include
 /usr/local/Cellar/gcc/11.2.0_2/lib/gcc/11/gcc/x86_64-apple-darwin19/11/include-fixed
 /Applications/Xcode.app/Contents/Developer/Platforms/MacOSX.platform/Developer/SDKs/MacOSX11.1.sdk/usr/include
End of search list.
GNU Fortran2008 (Homebrew GCC 11.2.0_2) version 11.2.0 (x86_64-apple-darwin19)
	compiled by GNU C version 11.2.0, GMP version 6.2.1, MPFR version 4.1.0, MPC version 1.2.1, isl version isl-0.24-GMP

GGC heuristics: --param ggc-min-expand=100 --param ggc-min-heapsize=131072
COLLECT_GCC_OPTIONS='-isysroot' '/Applications/Xcode.app/Contents/Developer/Platforms/MacOSX.platform/Developer/SDKs/MacOSX11.1.sdk' '-v' '-c' '-o' 'CMakeFiles/cmTC_f43f7.dir/CMakeFortranCompilerABI.F.o' '-mmacosx-version-min=10.15'  '-mtune=core2' '-dumpdir' 'CMakeFiles/cmTC_f43f7.dir/'
 as -arch x86_64 -v -force_cpusubtype_ALL -mmacosx-version-min=10.15 -o CMakeFiles/cmTC_f43f7.dir/CMakeFortranCompilerABI.F.o /var/folders/r0/1zwhjtl13235q5r2x7y9s1n80000gn/T//ccBSQxXU.s
Apple clang version 12.0.0 (clang-1200.0.32.29)
Target: x86_64-apple-darwin19.6.0
Thread model: posix
InstalledDir: /Applications/Xcode.app/Contents/Developer/Toolchains/XcodeDefault.xctoolchain/usr/bin
 "/Applications/Xcode.app/Contents/Developer/Toolchains/XcodeDefault.xctoolchain/usr/bin/clang" -cc1as -triple x86_64-apple-macosx10.15.0 -filetype obj -main-file-name ccBSQxXU.s -target-cpu penryn -fdebug-compilation-dir /Applications/fission_v2.0.5/build/CMakeFiles/CMakeTmp -dwarf-debug-producer "Apple clang version 12.0.0 (clang-1200.0.32.29)" -dwarf-version=4 -mrelocation-model pic -o CMakeFiles/cmTC_f43f7.dir/CMakeFortranCompilerABI.F.o /var/folders/r0/1zwhjtl13235q5r2x7y9s1n80000gn/T//ccBSQxXU.s
COMPILER_PATH=/usr/local/Cellar/gcc/11.2.0_2/libexec/gcc/x86_64-apple-darwin19/11/:/usr/local/Cellar/gcc/11.2.0_2/libexec/gcc/x86_64-apple-darwin19/11/:/usr/local/Cellar/gcc/11.2.0_2/libexec/gcc/x86_64-apple-darwin19/:/usr/local/Cellar/gcc/11.2.0_2/lib/gcc/11/gcc/x86_64-apple-darwin19/11/:/usr/local/Cellar/gcc/11.2.0_2/lib/gcc/11/gcc/x86_64-apple-darwin19/
LIBRARY_PATH=/usr/local/Cellar/gcc/11.2.0_2/lib/gcc/11/gcc/x86_64-apple-darwin19/11/:/usr/local/Cellar/gcc/11.2.0_2/lib/gcc/11/gcc/x86_64-apple-darwin19/11/../../../
COLLECT_GCC_OPTIONS='-isysroot' '/Applications/Xcode.app/Contents/Developer/Platforms/MacOSX.platform/Developer/SDKs/MacOSX11.1.sdk' '-v' '-c' '-o' 'CMakeFiles/cmTC_f43f7.dir/CMakeFortranCompilerABI.F.o' '-mmacosx-version-min=10.15'  '-mtune=core2' '-dumpdir' 'CMakeFiles/cmTC_f43f7.dir/CMakeFortranCompilerABI.F.'
Linking Fortran executable cmTC_f43f7
/usr/local/Cellar/cmake/3.21.1/bin/cmake -E cmake_link_script CMakeFiles/cmTC_f43f7.dir/link.txt --verbose=1
/usr/local/bin/gfortran -L/usr/local/Cellar/qt@5/5.15.2/lib -v -Wl,-v  -isysroot /Applications/Xcode.app/Contents/Developer/Platforms/MacOSX.platform/Developer/SDKs/MacOSX11.1.sdk -mmacosx-version-min=10.15 CMakeFiles/cmTC_f43f7.dir/CMakeFortranCompilerABI.F.o -o cmTC_f43f7 
Driving: /usr/local/bin/gfortran -L/usr/local/Cellar/qt@5/5.15.2/lib -v -Wl,-v -isysroot /Applications/Xcode.app/Contents/Developer/Platforms/MacOSX.platform/Developer/SDKs/MacOSX11.1.sdk CMakeFiles/cmTC_f43f7.dir/CMakeFortranCompilerABI.F.o -o cmTC_f43f7 -mmacosx-version-min=10.15 -asm_macosx_version_min=10.15 -l gfortran -shared-libgcc
Using built-in specs.
COLLECT_GCC=/usr/local/bin/gfortran
COLLECT_LTO_WRAPPER=/usr/local/Cellar/gcc/11.2.0_2/libexec/gcc/x86_64-apple-darwin19/11/lto-wrapper
Target: x86_64-apple-darwin19
Configured with: ../configure --prefix=/usr/local/Cellar/gcc/11.2.0_2 --libdir=/usr/local/Cellar/gcc/11.2.0_2/lib/gcc/11 --disable-nls --enable-checking=release --with-gcc-major-version-only --enable-languages=c,c++,objc,obj-c++,fortran,d --program-suffix=-11 --with-gmp=/usr/local/opt/gmp --with-mpfr=/usr/local/opt/mpfr --with-mpc=/usr/local/opt/libmpc --with-isl=/usr/local/opt/isl --with-zstd=/usr/local/opt/zstd --with-pkgversion='Homebrew GCC 11.2.0_2' --with-bugurl=https://github.com/Homebrew/homebrew-core/issues --enable-libphobos --build=x86_64-apple-darwin19 --with-system-zlib --disable-multilib --with-native-system-header-dir=/usr/include --with-sysroot=/Library/Developer/CommandLineTools/SDKs/MacOSX10.15.sdk
Thread model: posix
Supported LTO compression algorithms: zlib zstd
gcc version 11.2.0 (Homebrew GCC 11.2.0_2) 
Reading specs from /usr/local/Cellar/gcc/11.2.0_2/lib/gcc/11/gcc/x86_64-apple-darwin19/11/../../../libgfortran.spec
rename spec lib to liborig
COLLECT_GCC_OPTIONS='-L/usr/local/Cellar/qt@5/5.15.2/lib' '-v' '-isysroot' '/Applications/Xcode.app/Contents/Developer/Platforms/MacOSX.platform/Developer/SDKs/MacOSX11.1.sdk' '-o' 'cmTC_f43f7' '-mmacosx-version-min=10.15' '-asm_macosx_version_min=10.15' '-shared-libgcc' '-mtune=core2' '-dumpdir' 'cmTC_f43f7-'
COMPILER_PATH=/usr/local/Cellar/gcc/11.2.0_2/libexec/gcc/x86_64-apple-darwin19/11/:/usr/local/Cellar/gcc/11.2.0_2/libexec/gcc/x86_64-apple-darwin19/11/:/usr/local/Cellar/gcc/11.2.0_2/libexec/gcc/x86_64-apple-darwin19/:/usr/local/Cellar/gcc/11.2.0_2/lib/gcc/11/gcc/x86_64-apple-darwin19/11/:/usr/local/Cellar/gcc/11.2.0_2/lib/gcc/11/gcc/x86_64-apple-darwin19/
LIBRARY_PATH=/usr/local/Cellar/gcc/11.2.0_2/lib/gcc/11/gcc/x86_64-apple-darwin19/11/:/usr/local/Cellar/gcc/11.2.0_2/lib/gcc/11/gcc/x86_64-apple-darwin19/11/../../../
COLLECT_GCC_OPTIONS='-L/usr/local/Cellar/qt@5/5.15.2/lib' '-v' '-isysroot' '/Applications/Xcode.app/Contents/Developer/Platforms/MacOSX.platform/Developer/SDKs/MacOSX11.1.sdk' '-o' 'cmTC_f43f7' '-mmacosx-version-min=10.15' '-asm_macosx_version_min=10.15' '-shared-libgcc' '-mtune=core2' '-dumpdir' 'cmTC_f43f7.'
 /usr/local/Cellar/gcc/11.2.0_2/libexec/gcc/x86_64-apple-darwin19/11/collect2 -dynamic -arch x86_64 -macosx_version_min 10.15 -syslibroot /Applications/Xcode.app/Contents/Developer/Platforms/MacOSX.platform/Developer/SDKs/MacOSX11.1.sdk -weak_reference_mismatches non-weak -o cmTC_f43f7 -L/usr/local/Cellar/qt@5/5.15.2/lib -L/usr/local/Cellar/gcc/11.2.0_2/lib/gcc/11/gcc/x86_64-apple-darwin19/11 -L/usr/local/Cellar/gcc/11.2.0_2/lib/gcc/11/gcc/x86_64-apple-darwin19/11/../../.. -v CMakeFiles/cmTC_f43f7.dir/CMakeFortranCompilerABI.F.o -lgfortran -lSystem -lgcc_ext.10.5 -lgcc -lquadmath -lm -lgcc_ext.10.5 -lgcc -lSystem -no_compact_unwind -v
collect2 version 11.2.0
/usr/bin/ld -dynamic -arch x86_64 -macosx_version_min 10.15 -syslibroot /Applications/Xcode.app/Contents/Developer/Platforms/MacOSX.platform/Developer/SDKs/MacOSX11.1.sdk -weak_reference_mismatches non-weak -o cmTC_f43f7 -L/usr/local/Cellar/qt@5/5.15.2/lib -L/usr/local/Cellar/gcc/11.2.0_2/lib/gcc/11/gcc/x86_64-apple-darwin19/11 -L/usr/local/Cellar/gcc/11.2.0_2/lib/gcc/11/gcc/x86_64-apple-darwin19/11/../../.. -v CMakeFiles/cmTC_f43f7.dir/CMakeFortranCompilerABI.F.o -lgfortran -lSystem -lgcc_ext.10.5 -lgcc -lquadmath -lm -lgcc_ext.10.5 -lgcc -lSystem -no_compact_unwind -v
@(#)PROGRAM:ld  PROJECT:ld64-609.8
BUILD 15:07:46 Dec 18 2020
configured to support archs: armv6 armv7 armv7s arm64 arm64e arm64_32 i386 x86_64 x86_64h armv6m armv7k armv7m armv7em
@(#)PROGRAM:ld  PROJECT:ld64-609.8
BUILD 15:07:46 Dec 18 2020
configured to support archs: armv6 armv7 armv7s arm64 arm64e arm64_32 i386 x86_64 x86_64h armv6m armv7k armv7m armv7em
Library search paths:
	/usr/local/Cellar/qt@5/5.15.2/lib
	/usr/local/Cellar/gcc/11.2.0_2/lib/gcc/11/gcc/x86_64-apple-darwin19/11
	/usr/local/Cellar/gcc/11.2.0_2/lib/gcc/11
	/Applications/Xcode.app/Contents/Developer/Platforms/MacOSX.platform/Developer/SDKs/MacOSX11.1.sdk/usr/lib
Framework search paths:
	/Applications/Xcode.app/Contents/Developer/Platforms/MacOSX.platform/Developer/SDKs/MacOSX11.1.sdk/System/Library/Frameworks/



Parsed Fortran implicit include dir info from above output: rv=done
  found start of include info
  found start of implicit include info
    add: [/usr/local/Cellar/gcc/11.2.0_2/lib/gcc/11/gcc/x86_64-apple-darwin19/11/finclude]
    add: [/usr/local/Cellar/gcc/11.2.0_2/lib/gcc/11/gcc/x86_64-apple-darwin19/11/include]
    add: [/usr/local/Cellar/gcc/11.2.0_2/lib/gcc/11/gcc/x86_64-apple-darwin19/11/include-fixed]
    add: [/Applications/Xcode.app/Contents/Developer/Platforms/MacOSX.platform/Developer/SDKs/MacOSX11.1.sdk/usr/include]
  end of search list found
  collapse include dir [/usr/local/Cellar/gcc/11.2.0_2/lib/gcc/11/gcc/x86_64-apple-darwin19/11/finclude] ==> [/usr/local/Cellar/gcc/11.2.0_2/lib/gcc/11/gcc/x86_64-apple-darwin19/11/finclude]
  collapse include dir [/usr/local/Cellar/gcc/11.2.0_2/lib/gcc/11/gcc/x86_64-apple-darwin19/11/include] ==> [/usr/local/Cellar/gcc/11.2.0_2/lib/gcc/11/gcc/x86_64-apple-darwin19/11/include]
  collapse include dir [/usr/local/Cellar/gcc/11.2.0_2/lib/gcc/11/gcc/x86_64-apple-darwin19/11/include-fixed] ==> [/usr/local/Cellar/gcc/11.2.0_2/lib/gcc/11/gcc/x86_64-apple-darwin19/11/include-fixed]
  collapse include dir [/Applications/Xcode.app/Contents/Developer/Platforms/MacOSX.platform/Developer/SDKs/MacOSX11.1.sdk/usr/include] ==> [/Applications/Xcode.app/Contents/Developer/Platforms/MacOSX.platform/Developer/SDKs/MacOSX11.1.sdk/usr/include]
  implicit include dirs: [/usr/local/Cellar/gcc/11.2.0_2/lib/gcc/11/gcc/x86_64-apple-darwin19/11/finclude;/usr/local/Cellar/gcc/11.2.0_2/lib/gcc/11/gcc/x86_64-apple-darwin19/11/include;/usr/local/Cellar/gcc/11.2.0_2/lib/gcc/11/gcc/x86_64-apple-darwin19/11/include-fixed;/Applications/Xcode.app/Contents/Developer/Platforms/MacOSX.platform/Developer/SDKs/MacOSX11.1.sdk/usr/include]


Parsed Fortran implicit link information from above output:
  link line regex: [^( *|.*[/\])(ld|CMAKE_LINK_STARTFILE-NOTFOUND|([^/\]+-)?ld|collect2)[^/\]*( |$)]
  ignore line: [Change Dir: /Applications/fission_v2.0.5/build/CMakeFiles/CMakeTmp]
  ignore line: []
  ignore line: [Run Build Command(s):/usr/bin/make -f Makefile cmTC_f43f7/fast && /Applications/Xcode.app/Contents/Developer/usr/bin/make  -f CMakeFiles/cmTC_f43f7.dir/build.make CMakeFiles/cmTC_f43f7.dir/build]
  ignore line: [Building Fortran object CMakeFiles/cmTC_f43f7.dir/CMakeFortranCompilerABI.F.o]
  ignore line: [/usr/local/bin/gfortran   -isysroot /Applications/Xcode.app/Contents/Developer/Platforms/MacOSX.platform/Developer/SDKs/MacOSX11.1.sdk -mmacosx-version-min=10.15   -v -Wl -v -c /usr/local/Cellar/cmake/3.21.1/share/cmake/Modules/CMakeFortranCompilerABI.F -o CMakeFiles/cmTC_f43f7.dir/CMakeFortranCompilerABI.F.o]
  ignore line: [Using built-in specs.]
  ignore line: [COLLECT_GCC=/usr/local/bin/gfortran]
  ignore line: [Target: x86_64-apple-darwin19]
  ignore line: [Configured with: ../configure --prefix=/usr/local/Cellar/gcc/11.2.0_2 --libdir=/usr/local/Cellar/gcc/11.2.0_2/lib/gcc/11 --disable-nls --enable-checking=release --with-gcc-major-version-only --enable-languages=c c++ objc obj-c++ fortran d --program-suffix=-11 --with-gmp=/usr/local/opt/gmp --with-mpfr=/usr/local/opt/mpfr --with-mpc=/usr/local/opt/libmpc --with-isl=/usr/local/opt/isl --with-zstd=/usr/local/opt/zstd --with-pkgversion='Homebrew GCC 11.2.0_2' --with-bugurl=https://github.com/Homebrew/homebrew-core/issues --enable-libphobos --build=x86_64-apple-darwin19 --with-system-zlib --disable-multilib --with-native-system-header-dir=/usr/include --with-sysroot=/Library/Developer/CommandLineTools/SDKs/MacOSX10.15.sdk]
  ignore line: [Thread model: posix]
  ignore line: [Supported LTO compression algorithms: zlib zstd]
  ignore line: [gcc version 11.2.0 (Homebrew GCC 11.2.0_2) ]
  ignore line: [COLLECT_GCC_OPTIONS='-isysroot' '/Applications/Xcode.app/Contents/Developer/Platforms/MacOSX.platform/Developer/SDKs/MacOSX11.1.sdk' '-v' '-c' '-o' 'CMakeFiles/cmTC_f43f7.dir/CMakeFortranCompilerABI.F.o' '-mmacosx-version-min=10.15' '-asm_macosx_version_min=10.15' '-mtune=core2' '-dumpdir' 'CMakeFiles/cmTC_f43f7.dir/']
  ignore line: [ /usr/local/Cellar/gcc/11.2.0_2/libexec/gcc/x86_64-apple-darwin19/11/f951 /usr/local/Cellar/cmake/3.21.1/share/cmake/Modules/CMakeFortranCompilerABI.F -ffixed-form -cpp=/var/folders/r0/1zwhjtl13235q5r2x7y9s1n80000gn/T//ccv8M8u3.f90 -quiet -v -D__DYNAMIC__ -isysroot /Applications/Xcode.app/Contents/Developer/Platforms/MacOSX.platform/Developer/SDKs/MacOSX11.1.sdk /usr/local/Cellar/cmake/3.21.1/share/cmake/Modules/CMakeFortranCompilerABI.F -fPIC -quiet -dumpdir CMakeFiles/cmTC_f43f7.dir/ -dumpbase CMakeFortranCompilerABI.F.F -dumpbase-ext .F -mmacosx-version-min=10.15 -mtune=core2 -version -fintrinsic-modules-path /usr/local/Cellar/gcc/11.2.0_2/lib/gcc/11/gcc/x86_64-apple-darwin19/11/finclude -o /var/folders/r0/1zwhjtl13235q5r2x7y9s1n80000gn/T//ccBSQxXU.s]
  ignore line: [GNU Fortran (Homebrew GCC 11.2.0_2) version 11.2.0 (x86_64-apple-darwin19)]
  ignore line: [	compiled by GNU C version 11.2.0  GMP version 6.2.1  MPFR version 4.1.0  MPC version 1.2.1  isl version isl-0.24-GMP]
  ignore line: []
  ignore line: [GGC heuristics: --param ggc-min-expand=100 --param ggc-min-heapsize=131072]
  ignore line: [ignoring nonexistent directory "/Applications/Xcode.app/Contents/Developer/Platforms/MacOSX.platform/Developer/SDKs/MacOSX11.1.sdk/usr/local/include"]
  ignore line: [ignoring nonexistent directory "/usr/local/Cellar/gcc/11.2.0_2/lib/gcc/11/gcc/x86_64-apple-darwin19/11/../../../../../../x86_64-apple-darwin19/include"]
  ignore line: [#include "..." search starts here:]
  ignore line: [#include <...> search starts here:]
  ignore line: [ /usr/local/Cellar/gcc/11.2.0_2/lib/gcc/11/gcc/x86_64-apple-darwin19/11/finclude]
  ignore line: [ /usr/local/Cellar/gcc/11.2.0_2/lib/gcc/11/gcc/x86_64-apple-darwin19/11/include]
  ignore line: [ /usr/local/Cellar/gcc/11.2.0_2/lib/gcc/11/gcc/x86_64-apple-darwin19/11/include-fixed]
  ignore line: [ /Applications/Xcode.app/Contents/Developer/Platforms/MacOSX.platform/Developer/SDKs/MacOSX11.1.sdk/usr/include]
  ignore line: [End of search list.]
  ignore line: [GNU Fortran2008 (Homebrew GCC 11.2.0_2) version 11.2.0 (x86_64-apple-darwin19)]
  ignore line: [	compiled by GNU C version 11.2.0  GMP version 6.2.1  MPFR version 4.1.0  MPC version 1.2.1  isl version isl-0.24-GMP]
  ignore line: []
  ignore line: [GGC heuristics: --param ggc-min-expand=100 --param ggc-min-heapsize=131072]
  ignore line: [COLLECT_GCC_OPTIONS='-isysroot' '/Applications/Xcode.app/Contents/Developer/Platforms/MacOSX.platform/Developer/SDKs/MacOSX11.1.sdk' '-v' '-c' '-o' 'CMakeFiles/cmTC_f43f7.dir/CMakeFortranCompilerABI.F.o' '-mmacosx-version-min=10.15'  '-mtune=core2' '-dumpdir' 'CMakeFiles/cmTC_f43f7.dir/']
  ignore line: [ as -arch x86_64 -v -force_cpusubtype_ALL -mmacosx-version-min=10.15 -o CMakeFiles/cmTC_f43f7.dir/CMakeFortranCompilerABI.F.o /var/folders/r0/1zwhjtl13235q5r2x7y9s1n80000gn/T//ccBSQxXU.s]
  ignore line: [Apple clang version 12.0.0 (clang-1200.0.32.29)]
  ignore line: [Target: x86_64-apple-darwin19.6.0]
  ignore line: [Thread model: posix]
  ignore line: [InstalledDir: /Applications/Xcode.app/Contents/Developer/Toolchains/XcodeDefault.xctoolchain/usr/bin]
  ignore line: [ "/Applications/Xcode.app/Contents/Developer/Toolchains/XcodeDefault.xctoolchain/usr/bin/clang" -cc1as -triple x86_64-apple-macosx10.15.0 -filetype obj -main-file-name ccBSQxXU.s -target-cpu penryn -fdebug-compilation-dir /Applications/fission_v2.0.5/build/CMakeFiles/CMakeTmp -dwarf-debug-producer "Apple clang version 12.0.0 (clang-1200.0.32.29)" -dwarf-version=4 -mrelocation-model pic -o CMakeFiles/cmTC_f43f7.dir/CMakeFortranCompilerABI.F.o /var/folders/r0/1zwhjtl13235q5r2x7y9s1n80000gn/T//ccBSQxXU.s]
  ignore line: [COMPILER_PATH=/usr/local/Cellar/gcc/11.2.0_2/libexec/gcc/x86_64-apple-darwin19/11/:/usr/local/Cellar/gcc/11.2.0_2/libexec/gcc/x86_64-apple-darwin19/11/:/usr/local/Cellar/gcc/11.2.0_2/libexec/gcc/x86_64-apple-darwin19/:/usr/local/Cellar/gcc/11.2.0_2/lib/gcc/11/gcc/x86_64-apple-darwin19/11/:/usr/local/Cellar/gcc/11.2.0_2/lib/gcc/11/gcc/x86_64-apple-darwin19/]
  ignore line: [LIBRARY_PATH=/usr/local/Cellar/gcc/11.2.0_2/lib/gcc/11/gcc/x86_64-apple-darwin19/11/:/usr/local/Cellar/gcc/11.2.0_2/lib/gcc/11/gcc/x86_64-apple-darwin19/11/../../../]
  ignore line: [COLLECT_GCC_OPTIONS='-isysroot' '/Applications/Xcode.app/Contents/Developer/Platforms/MacOSX.platform/Developer/SDKs/MacOSX11.1.sdk' '-v' '-c' '-o' 'CMakeFiles/cmTC_f43f7.dir/CMakeFortranCompilerABI.F.o' '-mmacosx-version-min=10.15'  '-mtune=core2' '-dumpdir' 'CMakeFiles/cmTC_f43f7.dir/CMakeFortranCompilerABI.F.']
  ignore line: [Linking Fortran executable cmTC_f43f7]
  ignore line: [/usr/local/Cellar/cmake/3.21.1/bin/cmake -E cmake_link_script CMakeFiles/cmTC_f43f7.dir/link.txt --verbose=1]
  ignore line: [/usr/local/bin/gfortran -L/usr/local/Cellar/qt@5/5.15.2/lib -v -Wl -v  -isysroot /Applications/Xcode.app/Contents/Developer/Platforms/MacOSX.platform/Developer/SDKs/MacOSX11.1.sdk -mmacosx-version-min=10.15 CMakeFiles/cmTC_f43f7.dir/CMakeFortranCompilerABI.F.o -o cmTC_f43f7 ]
  ignore line: [Driving: /usr/local/bin/gfortran -L/usr/local/Cellar/qt@5/5.15.2/lib -v -Wl -v -isysroot /Applications/Xcode.app/Contents/Developer/Platforms/MacOSX.platform/Developer/SDKs/MacOSX11.1.sdk CMakeFiles/cmTC_f43f7.dir/CMakeFortranCompilerABI.F.o -o cmTC_f43f7 -mmacosx-version-min=10.15 -asm_macosx_version_min=10.15 -l gfortran -shared-libgcc]
  ignore line: [Using built-in specs.]
  ignore line: [COLLECT_GCC=/usr/local/bin/gfortran]
  ignore line: [COLLECT_LTO_WRAPPER=/usr/local/Cellar/gcc/11.2.0_2/libexec/gcc/x86_64-apple-darwin19/11/lto-wrapper]
  ignore line: [Target: x86_64-apple-darwin19]
  ignore line: [Configured with: ../configure --prefix=/usr/local/Cellar/gcc/11.2.0_2 --libdir=/usr/local/Cellar/gcc/11.2.0_2/lib/gcc/11 --disable-nls --enable-checking=release --with-gcc-major-version-only --enable-languages=c c++ objc obj-c++ fortran d --program-suffix=-11 --with-gmp=/usr/local/opt/gmp --with-mpfr=/usr/local/opt/mpfr --with-mpc=/usr/local/opt/libmpc --with-isl=/usr/local/opt/isl --with-zstd=/usr/local/opt/zstd --with-pkgversion='Homebrew GCC 11.2.0_2' --with-bugurl=https://github.com/Homebrew/homebrew-core/issues --enable-libphobos --build=x86_64-apple-darwin19 --with-system-zlib --disable-multilib --with-native-system-header-dir=/usr/include --with-sysroot=/Library/Developer/CommandLineTools/SDKs/MacOSX10.15.sdk]
  ignore line: [Thread model: posix]
  ignore line: [Supported LTO compression algorithms: zlib zstd]
  ignore line: [gcc version 11.2.0 (Homebrew GCC 11.2.0_2) ]
  ignore line: [Reading specs from /usr/local/Cellar/gcc/11.2.0_2/lib/gcc/11/gcc/x86_64-apple-darwin19/11/../../../libgfortran.spec]
  ignore line: [rename spec lib to liborig]
  ignore line: [COLLECT_GCC_OPTIONS='-L/usr/local/Cellar/qt@5/5.15.2/lib' '-v' '-isysroot' '/Applications/Xcode.app/Contents/Developer/Platforms/MacOSX.platform/Developer/SDKs/MacOSX11.1.sdk' '-o' 'cmTC_f43f7' '-mmacosx-version-min=10.15' '-asm_macosx_version_min=10.15' '-shared-libgcc' '-mtune=core2' '-dumpdir' 'cmTC_f43f7-']
  ignore line: [COMPILER_PATH=/usr/local/Cellar/gcc/11.2.0_2/libexec/gcc/x86_64-apple-darwin19/11/:/usr/local/Cellar/gcc/11.2.0_2/libexec/gcc/x86_64-apple-darwin19/11/:/usr/local/Cellar/gcc/11.2.0_2/libexec/gcc/x86_64-apple-darwin19/:/usr/local/Cellar/gcc/11.2.0_2/lib/gcc/11/gcc/x86_64-apple-darwin19/11/:/usr/local/Cellar/gcc/11.2.0_2/lib/gcc/11/gcc/x86_64-apple-darwin19/]
  ignore line: [LIBRARY_PATH=/usr/local/Cellar/gcc/11.2.0_2/lib/gcc/11/gcc/x86_64-apple-darwin19/11/:/usr/local/Cellar/gcc/11.2.0_2/lib/gcc/11/gcc/x86_64-apple-darwin19/11/../../../]
  ignore line: [COLLECT_GCC_OPTIONS='-L/usr/local/Cellar/qt@5/5.15.2/lib' '-v' '-isysroot' '/Applications/Xcode.app/Contents/Developer/Platforms/MacOSX.platform/Developer/SDKs/MacOSX11.1.sdk' '-o' 'cmTC_f43f7' '-mmacosx-version-min=10.15' '-asm_macosx_version_min=10.15' '-shared-libgcc' '-mtune=core2' '-dumpdir' 'cmTC_f43f7.']
  link line: [ /usr/local/Cellar/gcc/11.2.0_2/libexec/gcc/x86_64-apple-darwin19/11/collect2 -dynamic -arch x86_64 -macosx_version_min 10.15 -syslibroot /Applications/Xcode.app/Contents/Developer/Platforms/MacOSX.platform/Developer/SDKs/MacOSX11.1.sdk -weak_reference_mismatches non-weak -o cmTC_f43f7 -L/usr/local/Cellar/qt@5/5.15.2/lib -L/usr/local/Cellar/gcc/11.2.0_2/lib/gcc/11/gcc/x86_64-apple-darwin19/11 -L/usr/local/Cellar/gcc/11.2.0_2/lib/gcc/11/gcc/x86_64-apple-darwin19/11/../../.. -v CMakeFiles/cmTC_f43f7.dir/CMakeFortranCompilerABI.F.o -lgfortran -lSystem -lgcc_ext.10.5 -lgcc -lquadmath -lm -lgcc_ext.10.5 -lgcc -lSystem -no_compact_unwind -v]
    arg [/usr/local/Cellar/gcc/11.2.0_2/libexec/gcc/x86_64-apple-darwin19/11/collect2] ==> ignore
    arg [-dynamic] ==> ignore
    arg [-arch] ==> ignore
    arg [x86_64] ==> ignore
    arg [-macosx_version_min] ==> ignore
    arg [10.15] ==> ignore
    arg [-syslibroot] ==> ignore
    arg [/Applications/Xcode.app/Contents/Developer/Platforms/MacOSX.platform/Developer/SDKs/MacOSX11.1.sdk] ==> ignore
    arg [-weak_reference_mismatches] ==> ignore
    arg [non-weak] ==> ignore
    arg [-o] ==> ignore
    arg [cmTC_f43f7] ==> ignore
    arg [-L/usr/local/Cellar/qt@5/5.15.2/lib] ==> dir [/usr/local/Cellar/qt@5/5.15.2/lib]
    arg [-L/usr/local/Cellar/gcc/11.2.0_2/lib/gcc/11/gcc/x86_64-apple-darwin19/11] ==> dir [/usr/local/Cellar/gcc/11.2.0_2/lib/gcc/11/gcc/x86_64-apple-darwin19/11]
    arg [-L/usr/local/Cellar/gcc/11.2.0_2/lib/gcc/11/gcc/x86_64-apple-darwin19/11/../../..] ==> dir [/usr/local/Cellar/gcc/11.2.0_2/lib/gcc/11/gcc/x86_64-apple-darwin19/11/../../..]
    arg [-v] ==> ignore
    arg [CMakeFiles/cmTC_f43f7.dir/CMakeFortranCompilerABI.F.o] ==> ignore
    arg [-lgfortran] ==> lib [gfortran]
    arg [-lSystem] ==> lib [System]
    arg [-lgcc_ext.10.5] ==> lib [gcc_ext.10.5]
    arg [-lgcc] ==> lib [gcc]
    arg [-lquadmath] ==> lib [quadmath]
    arg [-lm] ==> lib [m]
    arg [-lgcc_ext.10.5] ==> lib [gcc_ext.10.5]
    arg [-lgcc] ==> lib [gcc]
    arg [-lSystem] ==> lib [System]
    arg [-no_compact_unwind] ==> ignore
    arg [-v] ==> ignore
  Library search paths: [;/usr/local/Cellar/qt@5/5.15.2/lib;/usr/local/Cellar/gcc/11.2.0_2/lib/gcc/11/gcc/x86_64-apple-darwin19/11;/usr/local/Cellar/gcc/11.2.0_2/lib/gcc/11;/Applications/Xcode.app/Contents/Developer/Platforms/MacOSX.platform/Developer/SDKs/MacOSX11.1.sdk/usr/lib]
  Framework search paths: [;/Applications/Xcode.app/Contents/Developer/Platforms/MacOSX.platform/Developer/SDKs/MacOSX11.1.sdk/System/Library/Frameworks/]
  remove lib [System]
  remove lib [System]
  collapse library dir [/usr/local/Cellar/qt@5/5.15.2/lib] ==> [/usr/local/Cellar/qt@5/5.15.2/lib]
  collapse library dir [/usr/local/Cellar/gcc/11.2.0_2/lib/gcc/11/gcc/x86_64-apple-darwin19/11] ==> [/usr/local/Cellar/gcc/11.2.0_2/lib/gcc/11/gcc/x86_64-apple-darwin19/11]
  collapse library dir [/usr/local/Cellar/gcc/11.2.0_2/lib/gcc/11/gcc/x86_64-apple-darwin19/11/../../..] ==> [/usr/local/Cellar/gcc/11.2.0_2/lib/gcc/11]
  collapse library dir [/usr/local/Cellar/qt@5/5.15.2/lib] ==> [/usr/local/Cellar/qt@5/5.15.2/lib]
  collapse library dir [/usr/local/Cellar/gcc/11.2.0_2/lib/gcc/11/gcc/x86_64-apple-darwin19/11] ==> [/usr/local/Cellar/gcc/11.2.0_2/lib/gcc/11/gcc/x86_64-apple-darwin19/11]
  collapse library dir [/usr/local/Cellar/gcc/11.2.0_2/lib/gcc/11] ==> [/usr/local/Cellar/gcc/11.2.0_2/lib/gcc/11]
  collapse library dir [/Applications/Xcode.app/Contents/Developer/Platforms/MacOSX.platform/Developer/SDKs/MacOSX11.1.sdk/usr/lib] ==> [/Applications/Xcode.app/Contents/Developer/Platforms/MacOSX.platform/Developer/SDKs/MacOSX11.1.sdk/usr/lib]
  collapse framework dir [/Applications/Xcode.app/Contents/Developer/Platforms/MacOSX.platform/Developer/SDKs/MacOSX11.1.sdk/System/Library/Frameworks/] ==> [/Applications/Xcode.app/Contents/Developer/Platforms/MacOSX.platform/Developer/SDKs/MacOSX11.1.sdk/System/Library/Frameworks]
  implicit libs: [gfortran;gcc_ext.10.5;gcc;quadmath;m;gcc_ext.10.5;gcc]
  implicit objs: []
  implicit dirs: [/usr/local/Cellar/qt@5/5.15.2/lib;/usr/local/Cellar/gcc/11.2.0_2/lib/gcc/11/gcc/x86_64-apple-darwin19/11;/usr/local/Cellar/gcc/11.2.0_2/lib/gcc/11;/Applications/Xcode.app/Contents/Developer/Platforms/MacOSX.platform/Developer/SDKs/MacOSX11.1.sdk/usr/lib]
  implicit fwks: [/Applications/Xcode.app/Contents/Developer/Platforms/MacOSX.platform/Developer/SDKs/MacOSX11.1.sdk/System/Library/Frameworks]


Determining if the Fortran compiler supports Fortran 90 passed with the following output:
Change Dir: /Applications/fission_v2.0.5/build/CMakeFiles/CMakeTmp

Run Build Command(s):/usr/bin/make -f Makefile cmTC_9b630/fast && /Applications/Xcode.app/Contents/Developer/usr/bin/make  -f CMakeFiles/cmTC_9b630.dir/build.make CMakeFiles/cmTC_9b630.dir/build
Building Fortran object CMakeFiles/cmTC_9b630.dir/testFortranCompilerF90.f90.o
/usr/local/bin/gfortran   -isysroot /Applications/Xcode.app/Contents/Developer/Platforms/MacOSX.platform/Developer/SDKs/MacOSX11.1.sdk -mmacosx-version-min=10.15 -c /Applications/fission_v2.0.5/build/CMakeFiles/CMakeTmp/testFortranCompilerF90.f90 -o CMakeFiles/cmTC_9b630.dir/testFortranCompilerF90.f90.o
Linking Fortran executable cmTC_9b630
/usr/local/Cellar/cmake/3.21.1/bin/cmake -E cmake_link_script CMakeFiles/cmTC_9b630.dir/link.txt --verbose=1
/usr/local/bin/gfortran -L/usr/local/Cellar/qt@5/5.15.2/lib   -isysroot /Applications/Xcode.app/Contents/Developer/Platforms/MacOSX.platform/Developer/SDKs/MacOSX11.1.sdk -mmacosx-version-min=10.15 CMakeFiles/cmTC_9b630.dir/testFortranCompilerF90.f90.o -o cmTC_9b630 



